<?xml version="1.0" encoding="UTF-8"?>
<!-- Generated by org.testng.reporters.JUnitReportReporter -->
<testsuite hostname="ATMECSBLRLT-197" failures="0" tests="1" name="org.prac.TaskCss" time="7.032" errors="0" timestamp="2022-04-12T17:29:26 IST" skipped="0">
  <testcase classname="org.prac.TaskCss" name="topOperators" time="7.032"/>
  <system-out/>
</testsuite> <!-- org.prac.TaskCss -->
