<?xml version="1.0" encoding="UTF-8"?>
<!-- Generated by org.testng.reporters.JUnitReportReporter -->
<testsuite hostname="ATMECSBLRLT-197" failures="0" tests="1" name="redBus" time="7.695" errors="0" timestamp="2022-04-12T17:15:28 IST" skipped="0">
  <testcase classname="redBus" name="locator" time="7.695"/>
  <system-out/>
</testsuite> <!-- redBus -->
