<?xml version="1.0" encoding="UTF-8"?>
<!-- Generated by org.testng.reporters.JUnitReportReporter -->
<testsuite hostname="ATMECSBLRLT-197" failures="0" tests="1" name="org.prac.CssSelector" time="6.351" errors="0" timestamp="2022-04-08T17:42:18 IST" skipped="0">
  <testcase classname="org.prac.CssSelector" name="topOperators" time="6.351"/>
  <system-out/>
</testsuite> <!-- org.prac.CssSelector -->
